Using pre-set license
Built from '2021.2/staging' branch; Version is '2021.2.17f1 (efb8f635e7b1) revision 15710454'; Using compiler version '192829333'; Build Type 'Release'
OS: 'Windows 10  (10.0.19043) 64bit Professional' Language: 'ru' Physical Memory: 15307 MB
BatchMode: 1, IsHumanControllingUs: 0, StartBugReporterOnCrash: 0, Is64bit: 1, IsPro: 1

COMMAND LINE ARGUMENTS:
C:\Program Files\Unity\Hub\Editor\2021.2.17f1\Editor\Unity.exe
-adb2
-batchMode
-noUpm
-name
AssetImportWorker0
-projectPath
C:/Users/user/Desktop/3dgame
-logFile
Logs/AssetImportWorker0.log
-srvPort
59749
Successfully changed project path to: C:/Users/user/Desktop/3dgame
C:/Users/user/Desktop/3dgame
[UnityMemory] Configuration Parameters - Can be set up in boot.config
    "memorysetup-bucket-allocator-granularity=16"
    "memorysetup-bucket-allocator-bucket-count=8"
    "memorysetup-bucket-allocator-block-size=33554432"
    "memorysetup-bucket-allocator-block-count=8"
    "memorysetup-main-allocator-block-size=16777216"
    "memorysetup-thread-allocator-block-size=16777216"
    "memorysetup-gfx-main-allocator-block-size=16777216"
    "memorysetup-gfx-thread-allocator-block-size=16777216"
    "memorysetup-cache-allocator-block-size=4194304"
    "memorysetup-typetree-allocator-block-size=2097152"
    "memorysetup-profiler-bucket-allocator-granularity=16"
    "memorysetup-profiler-bucket-allocator-bucket-count=8"
    "memorysetup-profiler-bucket-allocator-block-size=33554432"
    "memorysetup-profiler-bucket-allocator-block-count=8"
    "memorysetup-profiler-allocator-block-size=16777216"
    "memorysetup-profiler-editor-allocator-block-size=1048576"
    "memorysetup-temp-allocator-size-main=16777216"
    "memorysetup-job-temp-allocator-block-size=2097152"
    "memorysetup-job-temp-allocator-block-size-background=1048576"
    "memorysetup-job-temp-allocator-reduction-small-platforms=262144"
    "memorysetup-temp-allocator-size-background-worker=32768"
    "memorysetup-temp-allocator-size-job-worker=262144"
    "memorysetup-temp-allocator-size-preload-manager=33554432"
    "memorysetup-temp-allocator-size-nav-mesh-worker=65536"
    "memorysetup-temp-allocator-size-audio-worker=65536"
    "memorysetup-temp-allocator-size-cloud-worker=32768"
    "memorysetup-temp-allocator-size-gi-baking-worker=262144"
    "memorysetup-temp-allocator-size-gfx=262144"
Refreshing native plugins compatible for Editor in 69.11 ms, found 2 plugins.
Preloading 0 native plugins for Editor in 0.00 ms.
Initialize engine version: 2021.2.17f1 (efb8f635e7b1)
[Subsystems] Discovering subsystems at path C:/Program Files/Unity/Hub/Editor/2021.2.17f1/Editor/Data/Resources/UnitySubsystems
[Subsystems] Discovering subsystems at path C:/Users/user/Desktop/3dgame/Assets
GfxDevice: creating device client; threaded=0; jobified=0
Direct3D:
    Version:  Direct3D 11.0 [level 11.1]
    Renderer: AMD Radeon(TM) R7 Graphics (ID=0x1313)
    Vendor:   ATI
    VRAM:     7653 MB
    Driver:   27.20.1034.6
Initialize mono
Mono path[0] = 'C:/Program Files/Unity/Hub/Editor/2021.2.17f1/Editor/Data/Managed'
Mono path[1] = 'C:/Program Files/Unity/Hub/Editor/2021.2.17f1/Editor/Data/MonoBleedingEdge/lib/mono/unityjit-win32'
Mono config path = 'C:/Program Files/Unity/Hub/Editor/2021.2.17f1/Editor/Data/MonoBleedingEdge/etc'
Using monoOptions --debugger-agent=transport=dt_socket,embedding=1,server=y,suspend=n,address=127.0.0.1:56796
Begin MonoManager ReloadAssembly
Registering precompiled unity dll's ...
Register platform support module: C:/Program Files/Unity/Hub/Editor/2021.2.17f1/Editor/Data/PlaybackEngines/WindowsStandaloneSupport/UnityEditor.WindowsStandalone.Extensions.dll
Registered in 0.012793 seconds.
Native extension for WindowsStandalone target not found
Refreshing native plugins compatible for Editor in 47.49 ms, found 2 plugins.
Preloading 0 native plugins for Editor in 0.00 ms.
Mono: successfully reloaded assembly
- Completed reload, in  2.183 seconds
Domain Reload Profiling:
	ReloadAssembly (2184ms)
		BeginReloadAssembly (1086ms)
			ExecutionOrderSort (0ms)
			DisableScriptedObjects (0ms)
			BackupInstance (0ms)
			ReleaseScriptingObjects (0ms)
			CreateAndSetChildDomain (1ms)
		EndReloadAssembly (837ms)
			LoadAssemblies (1081ms)
			RebuildTransferFunctionScriptingTraits (0ms)
			SetupTypeCache (234ms)
			ReleaseScriptCaches (0ms)
			RebuildScriptCaches (53ms)
			SetupLoadedEditorAssemblies (458ms)
				LogAssemblyErrors (0ms)
				InitializePlatformSupportModulesInManaged (12ms)
				SetLoadedEditorAssemblies (0ms)
				RefreshPlugins (48ms)
				BeforeProcessingInitializeOnLoad (2ms)
				ProcessInitializeOnLoadAttributes (307ms)
				ProcessInitializeOnLoadMethodAttributes (89ms)
				AfterProcessingInitializeOnLoad (0ms)
				EditorAssembliesLoaded (0ms)
			ExecutionOrderSort2 (0ms)
			AwakeInstancesAfterBackupRestoration (0ms)
Platform modules already initialized, skipping
Registering precompiled user dll's ...
Registered in 0.005777 seconds.
Begin MonoManager ReloadAssembly
Native extension for WindowsStandalone target not found
Refreshing native plugins compatible for Editor in 0.64 ms, found 2 plugins.
Preloading 0 native plugins for Editor in 0.00 ms.
Mono: successfully reloaded assembly
- Completed reload, in  1.609 seconds
Domain Reload Profiling:
	ReloadAssembly (1610ms)
		BeginReloadAssembly (189ms)
			ExecutionOrderSort (0ms)
			DisableScriptedObjects (9ms)
			BackupInstance (0ms)
			ReleaseScriptingObjects (0ms)
			CreateAndSetChildDomain (34ms)
		EndReloadAssembly (1182ms)
			LoadAssemblies (137ms)
			RebuildTransferFunctionScriptingTraits (0ms)
			SetupTypeCache (380ms)
			ReleaseScriptCaches (1ms)
			RebuildScriptCaches (90ms)
			SetupLoadedEditorAssemblies (496ms)
				LogAssemblyErrors (0ms)
				InitializePlatformSupportModulesInManaged (9ms)
				SetLoadedEditorAssemblies (1ms)
				RefreshPlugins (1ms)
				BeforeProcessingInitializeOnLoad (87ms)
				ProcessInitializeOnLoadAttributes (343ms)
				ProcessInitializeOnLoadMethodAttributes (43ms)
				AfterProcessingInitializeOnLoad (13ms)
				EditorAssembliesLoaded (0ms)
			ExecutionOrderSort2 (0ms)
			AwakeInstancesAfterBackupRestoration (10ms)
Platform modules already initialized, skipping
========================================================================
Worker process is ready to serve import requests
Launched and connected shader compiler UnityShaderCompiler.exe after 0.11 seconds
Refreshing native plugins compatible for Editor in 0.68 ms, found 2 plugins.
Preloading 0 native plugins for Editor in 0.00 ms.
Unloading 1566 Unused Serialized files (Serialized files now loaded: 0)
Unloading 16 unused Assets / (56.1 KB). Loaded Objects now: 2033.
Memory consumption went from 69.5 MB to 69.4 MB.
Total: 4.510100 ms (FindLiveObjects: 0.237700 ms CreateObjectMapping: 0.106300 ms MarkObjects: 4.037800 ms  DeleteObjects: 0.125100 ms)

AssetImportParameters requested are different than current active one (requested -> active):
  custom:video-decoder-ogg-theora: a1e56fd34408186e4bbccfd4996cb3dc -> 
  custom:container-muxer-webm: aa71ff27fc2769a1b78a27578f13a17b -> 
  custom:container-demuxer-webm: 4f35f7cbe854078d1ac9338744f61a02 -> 
  custom:video-encoder-webm-vp8: eb34c28f22e8b96e1ab97ce403110664 -> 
  custom:audio-encoder-webm-vorbis: bf7c407c2cedff20999df2af8eb42d56 -> 
  custom:framework-win-MediaFoundation: 216162199b28c13a410421893ffa2e32 -> 
  custom:container-demuxer-ogg: 62fdf1f143b41e24485cea50d1cbac27 -> 
  custom:video-decoder-webm-vp8: 9c59270c3fd7afecdb556c50c9e8de78 -> 
  custom:audio-decoder-ogg-vorbis: bf7c407c2cedff20999df2af8eb42d56 -> 
========================================================================
Received Import Request.
  Time since last request: 2923.515324 seconds.
  path: Assets/Scenes
  artifactKey: Guid(51ceab76889408e4ebcb531f968cc95c) Importer(815301076,1909f56bfc062723c751e8b465ee728b)
Start importing Assets/Scenes using Guid(51ceab76889408e4ebcb531f968cc95c) Importer(815301076,1909f56bfc062723c751e8b465ee728b)  -> (artifact id: '0512cc4374dda46dfc3db2e3cb71d781') in 0.014445 seconds 
========================================================================
Received Import Request.
  Time since last request: 0.000038 seconds.
  path: Assets/Scenes/SampleScene.unity
  artifactKey: Guid(9fc0d4010bbf28b4594072e72b8655ab) Importer(815301076,1909f56bfc062723c751e8b465ee728b)
Start importing Assets/Scenes/SampleScene.unity using Guid(9fc0d4010bbf28b4594072e72b8655ab) Importer(815301076,1909f56bfc062723c751e8b465ee728b)  -> (artifact id: 'd673f7915f896660b1432d6c6c70946f') in 0.019373 seconds 
========================================================================
Received Import Request.
  Time since last request: 66.504130 seconds.
  path: Assets/Scripts/Components
  artifactKey: Guid(1bcb0ef0f0444154a836db3a2717661e) Importer(815301076,1909f56bfc062723c751e8b465ee728b)
Start importing Assets/Scripts/Components using Guid(1bcb0ef0f0444154a836db3a2717661e) Importer(815301076,1909f56bfc062723c751e8b465ee728b)  -> (artifact id: '439d1fbf196ce14e81c5d533bae4d036') in 0.019494 seconds 
========================================================================
Received Import Request.
  Time since last request: 6.297611 seconds.
  path: Assets/Scripts/Components/PlayerComponent.cs
  artifactKey: Guid(a6c25bee7180a0b4a87394df4d878be7) Importer(815301076,1909f56bfc062723c751e8b465ee728b)
Start importing Assets/Scripts/Components/PlayerComponent.cs using Guid(a6c25bee7180a0b4a87394df4d878be7) Importer(815301076,1909f56bfc062723c751e8b465ee728b)  -> (artifact id: 'e8260045140753f328be9b3535a11bd9') in 0.041658 seconds 
========================================================================
Received Import Request.
  Time since last request: 19.199426 seconds.
  path: Assets/Scripts/Systems/PlayerInitSystem.cs
  artifactKey: Guid(1687db19dfafe2746bcf6209df890573) Importer(815301076,1909f56bfc062723c751e8b465ee728b)
Start importing Assets/Scripts/Systems/PlayerInitSystem.cs using Guid(1687db19dfafe2746bcf6209df890573) Importer(815301076,1909f56bfc062723c751e8b465ee728b)  -> (artifact id: '2430505dbeee79d486e55dbcab91fa16') in 0.019971 seconds 
========================================================================
Received Prepare
Registering precompiled user dll's ...
Registered in 0.004823 seconds.
Begin MonoManager ReloadAssembly
Native extension for WindowsStandalone target not found
Refreshing native plugins compatible for Editor in 0.91 ms, found 2 plugins.
Preloading 0 native plugins for Editor in 0.00 ms.
Mono: successfully reloaded assembly
- Completed reload, in  2.407 seconds
Domain Reload Profiling:
	ReloadAssembly (2409ms)
		BeginReloadAssembly (225ms)
			ExecutionOrderSort (0ms)
			DisableScriptedObjects (12ms)
			BackupInstance (0ms)
			ReleaseScriptingObjects (0ms)
			CreateAndSetChildDomain (53ms)
		EndReloadAssembly (1949ms)
			LoadAssemblies (136ms)
			RebuildTransferFunctionScriptingTraits (0ms)
			SetupTypeCache (665ms)
			ReleaseScriptCaches (4ms)
			RebuildScriptCaches (120ms)
			SetupLoadedEditorAssemblies (727ms)
				LogAssemblyErrors (0ms)
				InitializePlatformSupportModulesInManaged (40ms)
				SetLoadedEditorAssemblies (1ms)
				RefreshPlugins (1ms)
				BeforeProcessingInitializeOnLoad (116ms)
				ProcessInitializeOnLoadAttributes (480ms)
				ProcessInitializeOnLoadMethodAttributes (70ms)
				AfterProcessingInitializeOnLoad (18ms)
				EditorAssembliesLoaded (1ms)
			ExecutionOrderSort2 (0ms)
			AwakeInstancesAfterBackupRestoration (33ms)
Platform modules already initialized, skipping
Refreshing native plugins compatible for Editor in 3.93 ms, found 2 plugins.
Preloading 0 native plugins for Editor in 0.00 ms.
Unloading 1560 Unused Serialized files (Serialized files now loaded: 0)
Unloading 9 unused Assets / (24.6 KB). Loaded Objects now: 2036.
Memory consumption went from 69.3 MB to 69.3 MB.
Total: 13.360100 ms (FindLiveObjects: 0.831000 ms CreateObjectMapping: 0.238700 ms MarkObjects: 12.199200 ms  DeleteObjects: 0.086800 ms)

AssetImportParameters requested are different than current active one (requested -> active):
  custom:video-decoder-ogg-theora: a1e56fd34408186e4bbccfd4996cb3dc -> 
  custom:container-muxer-webm: aa71ff27fc2769a1b78a27578f13a17b -> 
  custom:container-demuxer-webm: 4f35f7cbe854078d1ac9338744f61a02 -> 
  custom:video-encoder-webm-vp8: eb34c28f22e8b96e1ab97ce403110664 -> 
  custom:audio-encoder-webm-vorbis: bf7c407c2cedff20999df2af8eb42d56 -> 
  custom:framework-win-MediaFoundation: 216162199b28c13a410421893ffa2e32 -> 
  custom:container-demuxer-ogg: 62fdf1f143b41e24485cea50d1cbac27 -> 
  custom:video-decoder-webm-vp8: 9c59270c3fd7afecdb556c50c9e8de78 -> 
  custom:audio-decoder-ogg-vorbis: bf7c407c2cedff20999df2af8eb42d56 -> 
========================================================================
Received Import Request.
  Time since last request: 194.750783 seconds.
  path: Assets
  artifactKey: Guid(00000000000000001000000000000000) Importer(815301076,1909f56bfc062723c751e8b465ee728b)
Start importing Assets using Guid(00000000000000001000000000000000) Importer(815301076,1909f56bfc062723c751e8b465ee728b)  -> (artifact id: '79842766b460edbeab6a34051e857a80') in 0.023796 seconds 
========================================================================
Received Import Request.
  Time since last request: 17.141408 seconds.
  path: Assets/New Animator Controller.controller
  artifactKey: Guid(04c54885f6cbe8f4388112bdb8924123) Importer(815301076,1909f56bfc062723c751e8b465ee728b)
Start importing Assets/New Animator Controller.controller using Guid(04c54885f6cbe8f4388112bdb8924123) Importer(815301076,1909f56bfc062723c751e8b465ee728b)  -> (artifact id: '90ac1a28b45747a5b5d25a4d5490fe07') in 0.035646 seconds 
========================================================================
Received Import Request.
  Time since last request: 17.502814 seconds.
  path: Assets/conroller.controller
  artifactKey: Guid(04c54885f6cbe8f4388112bdb8924123) Importer(815301076,1909f56bfc062723c751e8b465ee728b)
Start importing Assets/conroller.controller using Guid(04c54885f6cbe8f4388112bdb8924123) Importer(815301076,1909f56bfc062723c751e8b465ee728b)  -> (artifact id: 'db979d2b3bf5a4a9e64384834971ba2b') in 0.014753 seconds 
========================================================================
Received Import Request.
  Time since last request: 10.848746 seconds.
  path: Assets/carector/animate/Ch44_nonPBR@Idle.fbx
  artifactKey: Guid(c03596f763a76954eb8a424c78217f5a) Importer(815301076,1909f56bfc062723c751e8b465ee728b)
Start importing Assets/carector/animate/Ch44_nonPBR@Idle.fbx using Guid(c03596f763a76954eb8a424c78217f5a) Importer(815301076,1909f56bfc062723c751e8b465ee728b)  -> (artifact id: 'bc10f23ee833e57e1b44632a79150524') in 1.432226 seconds 
========================================================================
Received Import Request.
  Time since last request: 0.000044 seconds.
  path: Assets/carector/animate/Falling Idle.fbx
  artifactKey: Guid(2cf1ee3957dca604fa2e07a65987b390) Importer(815301076,1909f56bfc062723c751e8b465ee728b)
Start importing Assets/carector/animate/Falling Idle.fbx using Guid(2cf1ee3957dca604fa2e07a65987b390) Importer(815301076,1909f56bfc062723c751e8b465ee728b)  -> (artifact id: '677f0f04c09ca141a1270c55d690630f') in 0.113872 seconds 
========================================================================
Received Import Request.
  Time since last request: 0.000066 seconds.
  path: Assets/carector/animate/Running.fbx
  artifactKey: Guid(2149ef7f9b06c6f4ba21d1fc1028fe0e) Importer(815301076,1909f56bfc062723c751e8b465ee728b)
Start importing Assets/carector/animate/Running.fbx using Guid(2149ef7f9b06c6f4ba21d1fc1028fe0e) Importer(815301076,1909f56bfc062723c751e8b465ee728b)  -> (artifact id: 'e1e75dd304870ec7edc085256ce6c964') in 0.105569 seconds 
========================================================================
Received Import Request.
  Time since last request: 0.000046 seconds.
  path: Assets/carector/animate/jumpfix.fbx
  artifactKey: Guid(c8622c261de4aa243a120dae82ca1c40) Importer(815301076,1909f56bfc062723c751e8b465ee728b)
Start importing Assets/carector/animate/jumpfix.fbx using Guid(c8622c261de4aa243a120dae82ca1c40) Importer(815301076,1909f56bfc062723c751e8b465ee728b)  -> (artifact id: '83d8495a4b1d5a59548312bbe3111389') in 0.177269 seconds 
========================================================================
Received Import Request.
  Time since last request: 0.000054 seconds.
  path: Assets/carector/animate/Jump.fbx
  artifactKey: Guid(42c1e8a22d99fba4b81cd7efebe55b2b) Importer(815301076,1909f56bfc062723c751e8b465ee728b)
Start importing Assets/carector/animate/Jump.fbx using Guid(42c1e8a22d99fba4b81cd7efebe55b2b) Importer(815301076,1909f56bfc062723c751e8b465ee728b)  -> (artifact id: 'd486f66be729e60dfb0148850b44411b') in 0.098890 seconds 
========================================================================
Received Import Request.
  Time since last request: 0.000065 seconds.
  path: Assets/carector/Ch44_nonPBR.fbx
  artifactKey: Guid(ba8e7a8de68da3f47a9e29a413567ecc) Importer(815301076,1909f56bfc062723c751e8b465ee728b)
Start importing Assets/carector/Ch44_nonPBR.fbx using Guid(ba8e7a8de68da3f47a9e29a413567ecc) Importer(815301076,1909f56bfc062723c751e8b465ee728b)  -> (artifact id: '71fc2c4ff69394db2be196b0e87daac7') in 0.119621 seconds 
========================================================================
Received Import Request.
  Time since last request: 0.000047 seconds.
  path: Assets/carector/animate/Falling To Landing.fbx
  artifactKey: Guid(fe462c8305188c846997b18030a7b474) Importer(815301076,1909f56bfc062723c751e8b465ee728b)
Start importing Assets/carector/animate/Falling To Landing.fbx using Guid(fe462c8305188c846997b18030a7b474) Importer(815301076,1909f56bfc062723c751e8b465ee728b)  -> (artifact id: 'a715ec27ad0712c20a64c9736d633f91') in 0.099900 seconds 
========================================================================
Received Import Request.
  Time since last request: 1011.963072 seconds.
  path: Assets/Scripts
  artifactKey: Guid(f6448b44dc1e19c4294b67a5003263af) Importer(815301076,1909f56bfc062723c751e8b465ee728b)
Start importing Assets/Scripts using Guid(f6448b44dc1e19c4294b67a5003263af) Importer(815301076,1909f56bfc062723c751e8b465ee728b)  -> (artifact id: '6b6da9af70916d34d847dfc6d33ee728') in 0.017663 seconds 
========================================================================
Received Import Request.
  Time since last request: 4.422719 seconds.
  path: Assets/Scripts/Systems
  artifactKey: Guid(94be564f23fef6b4f9395927fd951d50) Importer(815301076,1909f56bfc062723c751e8b465ee728b)
Start importing Assets/Scripts/Systems using Guid(94be564f23fef6b4f9395927fd951d50) Importer(815301076,1909f56bfc062723c751e8b465ee728b)  -> (artifact id: '0e1a7a7eb1faf92e7285268e805685ab') in 0.015121 seconds 
========================================================================
Received Import Request.
  Time since last request: 12.846730 seconds.
  path: Assets/Scripts/Components/PlayerInputComponent.cs
  artifactKey: Guid(33b3307712ca7694299c57f80a2060d2) Importer(815301076,1909f56bfc062723c751e8b465ee728b)
Start importing Assets/Scripts/Components/PlayerInputComponent.cs using Guid(33b3307712ca7694299c57f80a2060d2) Importer(815301076,1909f56bfc062723c751e8b465ee728b)  -> (artifact id: '0f19c2adc6c3aa8c8096102d0528c596') in 0.014422 seconds 
========================================================================
Received Import Request.
  Time since last request: 22.300228 seconds.
  path: Assets/Scripts/Components/SpeedBuffComponent.cs
  artifactKey: Guid(5cf7202c4ca4a484daca3236162b5f0e) Importer(815301076,1909f56bfc062723c751e8b465ee728b)
Start importing Assets/Scripts/Components/SpeedBuffComponent.cs using Guid(5cf7202c4ca4a484daca3236162b5f0e) Importer(815301076,1909f56bfc062723c751e8b465ee728b)  -> (artifact id: '50511e155f27d573f87162ae5b98a96b') in 0.013225 seconds 
========================================================================
Received Import Request.
  Time since last request: 0.809631 seconds.
  path: Assets/Scripts/Components/TryJump.cs
  artifactKey: Guid(e604a3f48c22c6042b7a5a3a6cd3f997) Importer(815301076,1909f56bfc062723c751e8b465ee728b)
Start importing Assets/Scripts/Components/TryJump.cs using Guid(e604a3f48c22c6042b7a5a3a6cd3f997) Importer(815301076,1909f56bfc062723c751e8b465ee728b)  -> (artifact id: '4c6deb2481c21eca36583d449409215b') in 0.015732 seconds 
========================================================================
Received Import Request.
  Time since last request: 3.040683 seconds.
  path: Assets/Scripts/Components/JumpBuffComponent.cs
  artifactKey: Guid(1baa84e539cdd104aad477fd1b423361) Importer(815301076,1909f56bfc062723c751e8b465ee728b)
Start importing Assets/Scripts/Components/JumpBuffComponent.cs using Guid(1baa84e539cdd104aad477fd1b423361) Importer(815301076,1909f56bfc062723c751e8b465ee728b)  -> (artifact id: 'e24e2e0b67d8bd62f2528e3439351e67') in 0.014220 seconds 
========================================================================
Received Import Request.
  Time since last request: 635.949530 seconds.
  path: Assets/Scripts/MonoBehaivours
  artifactKey: Guid(0460d21cfb0776845bbb56d2bf9b9158) Importer(815301076,1909f56bfc062723c751e8b465ee728b)
Start importing Assets/Scripts/MonoBehaivours using Guid(0460d21cfb0776845bbb56d2bf9b9158) Importer(815301076,1909f56bfc062723c751e8b465ee728b)  -> (artifact id: 'cfb7cb6c342637b62734f189402176a5') in 0.016445 seconds 
========================================================================
Received Import Request.
  Time since last request: 2.678073 seconds.
  path: Assets/Scripts/MonoBehaivours/CollisionCheckerView.cs
  artifactKey: Guid(159328686a72c734092d68cbe0efc10e) Importer(815301076,1909f56bfc062723c751e8b465ee728b)
Start importing Assets/Scripts/MonoBehaivours/CollisionCheckerView.cs using Guid(159328686a72c734092d68cbe0efc10e) Importer(815301076,1909f56bfc062723c751e8b465ee728b)  -> (artifact id: '4232b9bf8536aa030a509bb34203b247') in 0.013780 seconds 
========================================================================
Received Import Request.
  Time since last request: 0.685634 seconds.
  path: Assets/Scripts/MonoBehaivours/Startup.cs
  artifactKey: Guid(20a439199b18f9f489d09f2a229d3c1b) Importer(815301076,1909f56bfc062723c751e8b465ee728b)
Start importing Assets/Scripts/MonoBehaivours/Startup.cs using Guid(20a439199b18f9f489d09f2a229d3c1b) Importer(815301076,1909f56bfc062723c751e8b465ee728b)  -> (artifact id: 'f5d929b39faddd33e9e036a3d7416651') in 0.012934 seconds 
========================================================================
Received Import Request.
  Time since last request: 85.397284 seconds.
  path: Assets/carector/animate/Running.fbx
  artifactKey: Guid(2149ef7f9b06c6f4ba21d1fc1028fe0e) Importer(815301076,1909f56bfc062723c751e8b465ee728b)
Start importing Assets/carector/animate/Running.fbx using Guid(2149ef7f9b06c6f4ba21d1fc1028fe0e) Importer(815301076,1909f56bfc062723c751e8b465ee728b)  -> (artifact id: '584a73d2fbfd6e75718ef11dafafa495') in 0.166654 seconds 
========================================================================
Received Import Request.
  Time since last request: 38.367121 seconds.
  path: Assets/carector/animate/Ch44_nonPBR@Idle.fbx
  artifactKey: Guid(c03596f763a76954eb8a424c78217f5a) Importer(815301076,1909f56bfc062723c751e8b465ee728b)
Start importing Assets/carector/animate/Ch44_nonPBR@Idle.fbx using Guid(c03596f763a76954eb8a424c78217f5a) Importer(815301076,1909f56bfc062723c751e8b465ee728b)  -> (artifact id: 'ce0e7a9c58e33b3ce49bbfcba16bccc3') in 0.123406 seconds 
========================================================================
Received Prepare
Registering precompiled user dll's ...
Registered in 0.004394 seconds.
Begin MonoManager ReloadAssembly
Native extension for WindowsStandalone target not found
Refreshing native plugins compatible for Editor in 0.65 ms, found 2 plugins.
Preloading 0 native plugins for Editor in 0.00 ms.
Mono: successfully reloaded assembly
- Completed reload, in  1.694 seconds
Domain Reload Profiling:
	ReloadAssembly (1696ms)
		BeginReloadAssembly (231ms)
			ExecutionOrderSort (0ms)
			DisableScriptedObjects (12ms)
			BackupInstance (0ms)
			ReleaseScriptingObjects (0ms)
			CreateAndSetChildDomain (62ms)
		EndReloadAssembly (1247ms)
			LoadAssemblies (146ms)
			RebuildTransferFunctionScriptingTraits (0ms)
			SetupTypeCache (457ms)
			ReleaseScriptCaches (1ms)
			RebuildScriptCaches (81ms)
			SetupLoadedEditorAssemblies (500ms)
				LogAssemblyErrors (0ms)
				InitializePlatformSupportModulesInManaged (24ms)
				SetLoadedEditorAssemblies (1ms)
				RefreshPlugins (1ms)
				BeforeProcessingInitializeOnLoad (86ms)
				ProcessInitializeOnLoadAttributes (332ms)
				ProcessInitializeOnLoadMethodAttributes (45ms)
				AfterProcessingInitializeOnLoad (12ms)
				EditorAssembliesLoaded (0ms)
			ExecutionOrderSort2 (0ms)
			AwakeInstancesAfterBackupRestoration (11ms)
Platform modules already initialized, skipping
Refreshing native plugins compatible for Editor in 1.65 ms, found 2 plugins.
Preloading 0 native plugins for Editor in 0.00 ms.
Unloading 1560 Unused Serialized files (Serialized files now loaded: 0)
Unloading 9 unused Assets / (24.7 KB). Loaded Objects now: 2082.
Memory consumption went from 86.3 MB to 86.3 MB.
Total: 4.916600 ms (FindLiveObjects: 0.355600 ms CreateObjectMapping: 0.095700 ms MarkObjects: 4.428700 ms  DeleteObjects: 0.033500 ms)

AssetImportParameters requested are different than current active one (requested -> active):
  custom:video-decoder-ogg-theora: a1e56fd34408186e4bbccfd4996cb3dc -> 
  custom:container-muxer-webm: aa71ff27fc2769a1b78a27578f13a17b -> 
  custom:container-demuxer-webm: 4f35f7cbe854078d1ac9338744f61a02 -> 
  custom:video-encoder-webm-vp8: eb34c28f22e8b96e1ab97ce403110664 -> 
  custom:audio-encoder-webm-vorbis: bf7c407c2cedff20999df2af8eb42d56 -> 
  custom:framework-win-MediaFoundation: 216162199b28c13a410421893ffa2e32 -> 
  custom:container-demuxer-ogg: 62fdf1f143b41e24485cea50d1cbac27 -> 
  custom:video-decoder-webm-vp8: 9c59270c3fd7afecdb556c50c9e8de78 -> 
  custom:audio-decoder-ogg-vorbis: bf7c407c2cedff20999df2af8eb42d56 -> 
========================================================================
Received Import Request.
  Time since last request: 718.876106 seconds.
  path: Assets/Scripts/Components/PlayerComponent.cs
  artifactKey: Guid(a6c25bee7180a0b4a87394df4d878be7) Importer(815301076,1909f56bfc062723c751e8b465ee728b)
Start importing Assets/Scripts/Components/PlayerComponent.cs using Guid(a6c25bee7180a0b4a87394df4d878be7) Importer(815301076,1909f56bfc062723c751e8b465ee728b)  -> (artifact id: 'c9800777e49b2ebf0ed8b516551c1390') in 0.008322 seconds 
========================================================================
Received Import Request.
  Time since last request: 18.083902 seconds.
  path: Assets/Scripts/Systems/PlayerInputSystem.cs
  artifactKey: Guid(8bd97ba53f93fc549a35747e9a4d667a) Importer(815301076,1909f56bfc062723c751e8b465ee728b)
Start importing Assets/Scripts/Systems/PlayerInputSystem.cs using Guid(8bd97ba53f93fc549a35747e9a4d667a) Importer(815301076,1909f56bfc062723c751e8b465ee728b)  -> (artifact id: 'a24a8a899a6e26adad28f8a60971e2af') in 0.010527 seconds 
========================================================================
Received Import Request.
  Time since last request: 273.170205 seconds.
  path: Assets/Scripts/Systems/PlayerAnimationSystem.cs
  artifactKey: Guid(f24501a63d17daf458e001552e18c3ba) Importer(815301076,1909f56bfc062723c751e8b465ee728b)
Start importing Assets/Scripts/Systems/PlayerAnimationSystem.cs using Guid(f24501a63d17daf458e001552e18c3ba) Importer(815301076,1909f56bfc062723c751e8b465ee728b)  -> (artifact id: '138b3b65290c43366e6690659d9d0347') in 0.013067 seconds 
========================================================================
Received Prepare
Registering precompiled user dll's ...
Registered in 0.009507 seconds.
Begin MonoManager ReloadAssembly
Native extension for WindowsStandalone target not found
Refreshing native plugins compatible for Editor in 0.65 ms, found 2 plugins.
Preloading 0 native plugins for Editor in 0.00 ms.
Mono: successfully reloaded assembly
- Completed reload, in  1.694 seconds
Domain Reload Profiling:
	ReloadAssembly (1696ms)
		BeginReloadAssembly (264ms)
			ExecutionOrderSort (0ms)
			DisableScriptedObjects (11ms)
			BackupInstance (0ms)
			ReleaseScriptingObjects (0ms)
			CreateAndSetChildDomain (55ms)
		EndReloadAssembly (1209ms)
			LoadAssemblies (171ms)
			RebuildTransferFunctionScriptingTraits (0ms)
			SetupTypeCache (439ms)
			ReleaseScriptCaches (2ms)
			RebuildScriptCaches (79ms)
			SetupLoadedEditorAssemblies (461ms)
				LogAssemblyErrors (0ms)
				InitializePlatformSupportModulesInManaged (25ms)
				SetLoadedEditorAssemblies (1ms)
				RefreshPlugins (1ms)
				BeforeProcessingInitializeOnLoad (87ms)
				ProcessInitializeOnLoadAttributes (296ms)
				ProcessInitializeOnLoadMethodAttributes (40ms)
				AfterProcessingInitializeOnLoad (11ms)
				EditorAssembliesLoaded (0ms)
			ExecutionOrderSort2 (0ms)
			AwakeInstancesAfterBackupRestoration (12ms)
Platform modules already initialized, skipping
Refreshing native plugins compatible for Editor in 2.35 ms, found 2 plugins.
Preloading 0 native plugins for Editor in 0.00 ms.
Unloading 1561 Unused Serialized files (Serialized files now loaded: 0)
Unloading 9 unused Assets / (24.7 KB). Loaded Objects now: 2086.
Memory consumption went from 86.4 MB to 86.3 MB.
Total: 5.046700 ms (FindLiveObjects: 0.221900 ms CreateObjectMapping: 0.073900 ms MarkObjects: 4.711800 ms  DeleteObjects: 0.036900 ms)

AssetImportParameters requested are different than current active one (requested -> active):
  custom:video-decoder-ogg-theora: a1e56fd34408186e4bbccfd4996cb3dc -> 
  custom:container-muxer-webm: aa71ff27fc2769a1b78a27578f13a17b -> 
  custom:container-demuxer-webm: 4f35f7cbe854078d1ac9338744f61a02 -> 
  custom:video-encoder-webm-vp8: eb34c28f22e8b96e1ab97ce403110664 -> 
  custom:audio-encoder-webm-vorbis: bf7c407c2cedff20999df2af8eb42d56 -> 
  custom:framework-win-MediaFoundation: 216162199b28c13a410421893ffa2e32 -> 
  custom:container-demuxer-ogg: 62fdf1f143b41e24485cea50d1cbac27 -> 
  custom:video-decoder-webm-vp8: 9c59270c3fd7afecdb556c50c9e8de78 -> 
  custom:audio-decoder-ogg-vorbis: bf7c407c2cedff20999df2af8eb42d56 -> 
========================================================================
Received Import Request.
  Time since last request: 378.826318 seconds.
  path: Assets/Scripts/Systems/PlayerAnimationSystem.cs
  artifactKey: Guid(f24501a63d17daf458e001552e18c3ba) Importer(815301076,1909f56bfc062723c751e8b465ee728b)
Start importing Assets/Scripts/Systems/PlayerAnimationSystem.cs using Guid(f24501a63d17daf458e001552e18c3ba) Importer(815301076,1909f56bfc062723c751e8b465ee728b)  -> (artifact id: 'bf1ec219cc6e290808501aaaa5fb63da') in 0.019567 seconds 
========================================================================
Received Import Request.
  Time since last request: 10.428203 seconds.
  path: Assets/Scripts/Systems/PlayerMoveSystem.cs
  artifactKey: Guid(001ab575132d39645b3d28e22414d1bf) Importer(815301076,1909f56bfc062723c751e8b465ee728b)
Start importing Assets/Scripts/Systems/PlayerMoveSystem.cs using Guid(001ab575132d39645b3d28e22414d1bf) Importer(815301076,1909f56bfc062723c751e8b465ee728b)  -> (artifact id: 'f8a43ec50252ed52d321c7af2edfd5e9') in 0.012128 seconds 
========================================================================
Received Prepare
Registering precompiled user dll's ...
Registered in 0.003949 seconds.
Begin MonoManager ReloadAssembly
Native extension for WindowsStandalone target not found
Refreshing native plugins compatible for Editor in 0.60 ms, found 2 plugins.
Preloading 0 native plugins for Editor in 0.00 ms.
Mono: successfully reloaded assembly
- Completed reload, in  1.572 seconds
Domain Reload Profiling:
	ReloadAssembly (1574ms)
		BeginReloadAssembly (217ms)
			ExecutionOrderSort (0ms)
			DisableScriptedObjects (11ms)
			BackupInstance (0ms)
			ReleaseScriptingObjects (0ms)
			CreateAndSetChildDomain (58ms)
		EndReloadAssembly (1125ms)
			LoadAssemblies (126ms)
			RebuildTransferFunctionScriptingTraits (0ms)
			SetupTypeCache (390ms)
			ReleaseScriptCaches (1ms)
			RebuildScriptCaches (70ms)
			SetupLoadedEditorAssemblies (466ms)
				LogAssemblyErrors (0ms)
				InitializePlatformSupportModulesInManaged (24ms)
				SetLoadedEditorAssemblies (1ms)
				RefreshPlugins (1ms)
				BeforeProcessingInitializeOnLoad (76ms)
				ProcessInitializeOnLoadAttributes (312ms)
				ProcessInitializeOnLoadMethodAttributes (40ms)
				AfterProcessingInitializeOnLoad (12ms)
				EditorAssembliesLoaded (0ms)
			ExecutionOrderSort2 (0ms)
			AwakeInstancesAfterBackupRestoration (14ms)
Platform modules already initialized, skipping
Refreshing native plugins compatible for Editor in 2.06 ms, found 2 plugins.
Preloading 0 native plugins for Editor in 0.00 ms.
Unloading 1561 Unused Serialized files (Serialized files now loaded: 0)
Unloading 9 unused Assets / (24.6 KB). Loaded Objects now: 2089.
Memory consumption went from 86.4 MB to 86.3 MB.
Total: 4.766000 ms (FindLiveObjects: 0.226000 ms CreateObjectMapping: 0.073900 ms MarkObjects: 4.429800 ms  DeleteObjects: 0.034000 ms)

AssetImportParameters requested are different than current active one (requested -> active):
  custom:video-decoder-ogg-theora: a1e56fd34408186e4bbccfd4996cb3dc -> 
  custom:container-muxer-webm: aa71ff27fc2769a1b78a27578f13a17b -> 
  custom:container-demuxer-webm: 4f35f7cbe854078d1ac9338744f61a02 -> 
  custom:video-encoder-webm-vp8: eb34c28f22e8b96e1ab97ce403110664 -> 
  custom:audio-encoder-webm-vorbis: bf7c407c2cedff20999df2af8eb42d56 -> 
  custom:framework-win-MediaFoundation: 216162199b28c13a410421893ffa2e32 -> 
  custom:container-demuxer-ogg: 62fdf1f143b41e24485cea50d1cbac27 -> 
  custom:video-decoder-webm-vp8: 9c59270c3fd7afecdb556c50c9e8de78 -> 
  custom:audio-decoder-ogg-vorbis: bf7c407c2cedff20999df2af8eb42d56 -> 
